Building ...
Copying jar:file:/home/george/.m2/repository/org/clojure/clojurescript/1.7.228/clojurescript-1.7.228.jar!/cljs/nodejs.cljs to out/cljs/nodejs.cljs
Copying jar:file:/home/george/.m2/repository/org/clojure/clojurescript/1.7.228/clojurescript-1.7.228.jar!/cljs/nodejscli.cljs to out/cljs/nodejscli.cljs
... done. Elapsed 0.032051229 seconds
Watching paths: /home/george/Dropbox/drop-dot/src
Change detected, recompiling ...
Compiling src/drop_dot/core.cljs
WARNING: Use of undeclared Var drop-dot.core/c at line 49 src/drop_dot/core.cljs
clojure.lang.ExceptionInfo: failed compiling file:src/drop_dot/core.cljs {:file #object[java.io.File 0x5bdbd64c "src/drop_dot/core.cljs"]}
	at clojure.core$ex_info.invokeStatic(core.clj:4617)
	at clojure.core$ex_info.invoke(core.clj:4617)
	at cljs.compiler$compile_file$fn__4414.invoke(compiler.cljc:1369)
	at cljs.compiler$compile_file.invokeStatic(compiler.cljc:1336)
	at cljs.compiler$compile_file.invoke(compiler.cljc:1316)
	at cljs.closure$compile_file.invokeStatic(closure.clj:437)
	at cljs.closure$compile_file.invoke(closure.clj:428)
	at cljs.closure$eval6182$fn__6183.invoke(closure.clj:504)
	at cljs.closure$eval6118$fn__6119$G__6107__6126.invoke(closure.clj:394)
	at cljs.closure$compile_sources$iter__6302__6306$fn__6307.invoke(closure.clj:827)
	at clojure.lang.LazySeq.sval(LazySeq.java:40)
	at clojure.lang.LazySeq.seq(LazySeq.java:49)
	at clojure.lang.Cons.next(Cons.java:39)
	at clojure.lang.RT.next(RT.java:688)
	at clojure.core$next__4341.invokeStatic(core.clj:64)
	at clojure.core$dorun.invokeStatic(core.clj:3033)
	at clojure.core$doall.invokeStatic(core.clj:3039)
	at clojure.core$doall.invoke(core.clj:3039)
	at cljs.closure$compile_sources.invokeStatic(closure.clj:823)
	at cljs.closure$compile_sources.invoke(closure.clj:812)
	at cljs.closure$build.invokeStatic(closure.clj:1895)
	at cljs.closure$build.invoke(closure.clj:1837)
	at cljs.closure$watch$buildf__6700.invoke(closure.clj:1977)
	at cljs.closure$watch.invokeStatic(closure.clj:2026)
	at cljs.closure$watch.invoke(closure.clj:1954)
	at cljs.repl$repl_STAR_$fn__7227$fn__7232.invoke(repl.cljc:887)
	at clojure.core$binding_conveyor_fn$fn__4676.invoke(core.clj:1938)
	at clojure.lang.AFn.run(AFn.java:22)
	at java.lang.Thread.run(Thread.java:745)
Caused by: clojure.lang.ExceptionInfo: Unmatched delimiter ) {:type :reader-exception, :line 49, :column 11, :file "/home/george/Dropbox/drop-dot/src/drop_dot/core.cljs"}
	at clojure.core$ex_info.invokeStatic(core.clj:4617)
	at clojure.core$ex_info.invoke(core.clj:4617)
	at clojure.tools.reader.reader_types$reader_error.invokeStatic(reader_types.clj:391)
	at clojure.tools.reader.reader_types$reader_error.doInvoke(reader_types.clj:387)
	at clojure.lang.RestFn.invoke(RestFn.java:439)
	at clojure.tools.reader$read_unmatched_delimiter.invokeStatic(reader.clj:76)
	at clojure.tools.reader$read_unmatched_delimiter.invoke(reader.clj:74)
	at clojure.tools.reader$read_STAR_.invokeStatic(reader.clj:889)
	at clojure.tools.reader$read_STAR_.invoke(reader.clj:870)
	at clojure.tools.reader$read.invokeStatic(reader.clj:938)
	at clojure.tools.reader$read.invoke(reader.clj:915)
	at cljs.analyzer$forms_seq_STAR_$forms_seq___3366$fn__3367$fn__3368.invoke(analyzer.cljc:2650)
	at cljs.analyzer$forms_seq_STAR_$forms_seq___3366$fn__3367.invoke(analyzer.cljc:2643)
	at clojure.lang.LazySeq.sval(LazySeq.java:40)
	at clojure.lang.LazySeq.seq(LazySeq.java:49)
	at clojure.lang.RT.seq(RT.java:521)
	at clojure.core$seq__4357.invokeStatic(core.clj:137)
	at clojure.core$seq__4357.invoke(core.clj:137)
	at cljs.compiler$emit_source.invokeStatic(compiler.cljc:1235)
	at cljs.compiler$emit_source.invoke(compiler.cljc:1217)
	at cljs.compiler$compile_file_STAR_$fn__4391.invoke(compiler.cljc:1288)
	at cljs.compiler$with_core_cljs.invokeStatic(compiler.cljc:1152)
	at cljs.compiler$with_core_cljs.invoke(compiler.cljc:1143)
	at cljs.compiler$compile_file_STAR_.invokeStatic(compiler.cljc:1277)
	at cljs.compiler$compile_file_STAR_.invoke(compiler.cljc:1273)
	at cljs.compiler$compile_file$fn__4414.invoke(compiler.cljc:1357)
	... 26 more

Change detected, recompiling ...
Copying jar:file:/home/george/.m2/repository/org/clojure/clojurescript/1.7.228/clojurescript-1.7.228.jar!/cljs/nodejs.cljs to out/cljs/nodejs.cljs
Copying jar:file:/home/george/.m2/repository/org/clojure/clojurescript/1.7.228/clojurescript-1.7.228.jar!/cljs/nodejscli.cljs to out/cljs/nodejscli.cljs
Copying file:/home/george/Dropbox/drop-dot/src/drop_dot/core.cljs to out/drop_dot/core.cljs
... done. Elapsed 0.031625967 seconds
Change detected, recompiling ...
Compiling src/drop_dot/core.cljs
Copying jar:file:/home/george/.m2/repository/org/clojure/clojurescript/1.7.228/clojurescript-1.7.228.jar!/cljs/nodejs.cljs to out/cljs/nodejs.cljs
Copying jar:file:/home/george/.m2/repository/org/clojure/clojurescript/1.7.228/clojurescript-1.7.228.jar!/cljs/nodejscli.cljs to out/cljs/nodejscli.cljs
Copying file:/home/george/Dropbox/drop-dot/src/drop_dot/core.cljs to out/drop_dot/core.cljs
... done. Elapsed 0.091282761 seconds
Change detected, recompiling ...
Copying jar:file:/home/george/.m2/repository/org/clojure/clojurescript/1.7.228/clojurescript-1.7.228.jar!/cljs/nodejs.cljs to out/cljs/nodejs.cljs
Copying jar:file:/home/george/.m2/repository/org/clojure/clojurescript/1.7.228/clojurescript-1.7.228.jar!/cljs/nodejscli.cljs to out/cljs/nodejscli.cljs
... done. Elapsed 0.030103604 seconds
Change detected, recompiling ...
Compiling src/drop_dot/core.cljs
Copying jar:file:/home/george/.m2/repository/org/clojure/clojurescript/1.7.228/clojurescript-1.7.228.jar!/cljs/nodejs.cljs to out/cljs/nodejs.cljs
Copying jar:file:/home/george/.m2/repository/org/clojure/clojurescript/1.7.228/clojurescript-1.7.228.jar!/cljs/nodejscli.cljs to out/cljs/nodejscli.cljs
Copying file:/home/george/Dropbox/drop-dot/src/drop_dot/core.cljs to out/drop_dot/core.cljs
... done. Elapsed 0.117116689 seconds
Change detected, recompiling ...
Copying jar:file:/home/george/.m2/repository/org/clojure/clojurescript/1.7.228/clojurescript-1.7.228.jar!/cljs/nodejs.cljs to out/cljs/nodejs.cljs
Copying jar:file:/home/george/.m2/repository/org/clojure/clojurescript/1.7.228/clojurescript-1.7.228.jar!/cljs/nodejscli.cljs to out/cljs/nodejscli.cljs
... done. Elapsed 0.030359243 seconds
Change detected, recompiling ...
Compiling src/drop_dot/core.cljs
clojure.lang.ExceptionInfo: failed compiling file:src/drop_dot/core.cljs {:file #object[java.io.File 0x2e7e37f3 "src/drop_dot/core.cljs"]}
	at clojure.core$ex_info.invokeStatic(core.clj:4617)
	at clojure.core$ex_info.invoke(core.clj:4617)
	at cljs.compiler$compile_file$fn__4414.invoke(compiler.cljc:1369)
	at cljs.compiler$compile_file.invokeStatic(compiler.cljc:1336)
	at cljs.compiler$compile_file.invoke(compiler.cljc:1316)
	at cljs.closure$compile_file.invokeStatic(closure.clj:437)
	at cljs.closure$compile_file.invoke(closure.clj:428)
	at cljs.closure$eval6182$fn__6183.invoke(closure.clj:504)
	at cljs.closure$eval6118$fn__6119$G__6107__6126.invoke(closure.clj:394)
	at cljs.closure$compile_sources$iter__6302__6306$fn__6307.invoke(closure.clj:827)
	at clojure.lang.LazySeq.sval(LazySeq.java:40)
	at clojure.lang.LazySeq.seq(LazySeq.java:49)
	at clojure.lang.Cons.next(Cons.java:39)
	at clojure.lang.RT.next(RT.java:688)
	at clojure.core$next__4341.invokeStatic(core.clj:64)
	at clojure.core$dorun.invokeStatic(core.clj:3033)
	at clojure.core$doall.invokeStatic(core.clj:3039)
	at clojure.core$doall.invoke(core.clj:3039)
	at cljs.closure$compile_sources.invokeStatic(closure.clj:823)
	at cljs.closure$compile_sources.invoke(closure.clj:812)
	at cljs.closure$build.invokeStatic(closure.clj:1895)
	at cljs.closure$build.invoke(closure.clj:1837)
	at cljs.closure$watch$buildf__6700.invoke(closure.clj:1977)
	at cljs.closure$watch.invokeStatic(closure.clj:2026)
	at cljs.closure$watch.invoke(closure.clj:1954)
	at cljs.repl$repl_STAR_$fn__7227$fn__7232.invoke(repl.cljc:887)
	at clojure.core$binding_conveyor_fn$fn__4676.invoke(core.clj:1938)
	at clojure.lang.AFn.run(AFn.java:22)
	at java.lang.Thread.run(Thread.java:745)
Caused by: clojure.lang.ExceptionInfo: EOF while reading, starting at line 17 and column 1 {:type :reader-exception, :line 76, :column 1, :file "/home/george/Dropbox/drop-dot/src/drop_dot/core.cljs"}
	at clojure.core$ex_info.invokeStatic(core.clj:4617)
	at clojure.core$ex_info.invoke(core.clj:4617)
	at clojure.tools.reader.reader_types$reader_error.invokeStatic(reader_types.clj:391)
	at clojure.tools.reader.reader_types$reader_error.doInvoke(reader_types.clj:387)
	at clojure.lang.RestFn.invoke(RestFn.java:439)
	at clojure.tools.reader$read_delimited.invokeStatic(reader.clj:199)
	at clojure.tools.reader$read_delimited.invoke(reader.clj:188)
	at clojure.tools.reader$read_list.invokeStatic(reader.clj:208)
	at clojure.tools.reader$read_list.invoke(reader.clj:204)
	at clojure.tools.reader$read_STAR_.invokeStatic(reader.clj:889)
	at clojure.tools.reader$read_STAR_.invoke(reader.clj:870)
	at clojure.tools.reader$read.invokeStatic(reader.clj:938)
	at clojure.tools.reader$read.invoke(reader.clj:915)
	at cljs.analyzer$forms_seq_STAR_$forms_seq___3366$fn__3367$fn__3368.invoke(analyzer.cljc:2650)
	at cljs.analyzer$forms_seq_STAR_$forms_seq___3366$fn__3367.invoke(analyzer.cljc:2643)
	at clojure.lang.LazySeq.sval(LazySeq.java:40)
	at clojure.lang.LazySeq.seq(LazySeq.java:49)
	at clojure.lang.RT.seq(RT.java:521)
	at clojure.core$seq__4357.invokeStatic(core.clj:137)
	at clojure.core$seq__4357.invoke(core.clj:137)
	at cljs.compiler$emit_source.invokeStatic(compiler.cljc:1235)
	at cljs.compiler$emit_source.invoke(compiler.cljc:1217)
	at cljs.compiler$compile_file_STAR_$fn__4391.invoke(compiler.cljc:1288)
	at cljs.compiler$with_core_cljs.invokeStatic(compiler.cljc:1152)
	at cljs.compiler$with_core_cljs.invoke(compiler.cljc:1143)
	at cljs.compiler$compile_file_STAR_.invokeStatic(compiler.cljc:1277)
	at cljs.compiler$compile_file_STAR_.invoke(compiler.cljc:1273)
	at cljs.compiler$compile_file$fn__4414.invoke(compiler.cljc:1357)
	... 26 more

Change detected, recompiling ...
Copying jar:file:/home/george/.m2/repository/org/clojure/clojurescript/1.7.228/clojurescript-1.7.228.jar!/cljs/nodejs.cljs to out/cljs/nodejs.cljs
Copying jar:file:/home/george/.m2/repository/org/clojure/clojurescript/1.7.228/clojurescript-1.7.228.jar!/cljs/nodejscli.cljs to out/cljs/nodejscli.cljs
Copying file:/home/george/Dropbox/drop-dot/src/drop_dot/core.cljs to out/drop_dot/core.cljs
... done. Elapsed 0.033744602 seconds
Change detected, recompiling ...
Compiling src/drop_dot/core.cljs
Copying jar:file:/home/george/.m2/repository/org/clojure/clojurescript/1.7.228/clojurescript-1.7.228.jar!/cljs/nodejs.cljs to out/cljs/nodejs.cljs
Copying jar:file:/home/george/.m2/repository/org/clojure/clojurescript/1.7.228/clojurescript-1.7.228.jar!/cljs/nodejscli.cljs to out/cljs/nodejscli.cljs
Copying file:/home/george/Dropbox/drop-dot/src/drop_dot/core.cljs to out/drop_dot/core.cljs
... done. Elapsed 0.140583387 seconds
Change detected, recompiling ...
Copying jar:file:/home/george/.m2/repository/org/clojure/clojurescript/1.7.228/clojurescript-1.7.228.jar!/cljs/nodejs.cljs to out/cljs/nodejs.cljs
Copying jar:file:/home/george/.m2/repository/org/clojure/clojurescript/1.7.228/clojurescript-1.7.228.jar!/cljs/nodejscli.cljs to out/cljs/nodejscli.cljs
... done. Elapsed 0.030938194 seconds
Change detected, recompiling ...
Compiling src/drop_dot/core.cljs
Copying jar:file:/home/george/.m2/repository/org/clojure/clojurescript/1.7.228/clojurescript-1.7.228.jar!/cljs/nodejs.cljs to out/cljs/nodejs.cljs
Copying jar:file:/home/george/.m2/repository/org/clojure/clojurescript/1.7.228/clojurescript-1.7.228.jar!/cljs/nodejscli.cljs to out/cljs/nodejscli.cljs
Copying file:/home/george/Dropbox/drop-dot/src/drop_dot/core.cljs to out/drop_dot/core.cljs
... done. Elapsed 0.12576378 seconds
Change detected, recompiling ...
Copying jar:file:/home/george/.m2/repository/org/clojure/clojurescript/1.7.228/clojurescript-1.7.228.jar!/cljs/nodejs.cljs to out/cljs/nodejs.cljs
Copying jar:file:/home/george/.m2/repository/org/clojure/clojurescript/1.7.228/clojurescript-1.7.228.jar!/cljs/nodejscli.cljs to out/cljs/nodejscli.cljs
... done. Elapsed 0.045117189 seconds
Change detected, recompiling ...
Compiling src/drop_dot/core.cljs
Copying jar:file:/home/george/.m2/repository/org/clojure/clojurescript/1.7.228/clojurescript-1.7.228.jar!/cljs/nodejs.cljs to out/cljs/nodejs.cljs
Copying jar:file:/home/george/.m2/repository/org/clojure/clojurescript/1.7.228/clojurescript-1.7.228.jar!/cljs/nodejscli.cljs to out/cljs/nodejscli.cljs
Copying file:/home/george/Dropbox/drop-dot/src/drop_dot/core.cljs to out/drop_dot/core.cljs
... done. Elapsed 0.10444842 seconds
Change detected, recompiling ...
Copying jar:file:/home/george/.m2/repository/org/clojure/clojurescript/1.7.228/clojurescript-1.7.228.jar!/cljs/nodejs.cljs to out/cljs/nodejs.cljs
Copying jar:file:/home/george/.m2/repository/org/clojure/clojurescript/1.7.228/clojurescript-1.7.228.jar!/cljs/nodejscli.cljs to out/cljs/nodejscli.cljs
... done. Elapsed 0.03286184 seconds
Change detected, recompiling ...
Compiling src/drop_dot/core.cljs
Copying jar:file:/home/george/.m2/repository/org/clojure/clojurescript/1.7.228/clojurescript-1.7.228.jar!/cljs/nodejs.cljs to out/cljs/nodejs.cljs
Copying jar:file:/home/george/.m2/repository/org/clojure/clojurescript/1.7.228/clojurescript-1.7.228.jar!/cljs/nodejscli.cljs to out/cljs/nodejscli.cljs
Copying file:/home/george/Dropbox/drop-dot/src/drop_dot/core.cljs to out/drop_dot/core.cljs
... done. Elapsed 0.11586499 seconds
Change detected, recompiling ...
Copying jar:file:/home/george/.m2/repository/org/clojure/clojurescript/1.7.228/clojurescript-1.7.228.jar!/cljs/nodejs.cljs to out/cljs/nodejs.cljs
Copying jar:file:/home/george/.m2/repository/org/clojure/clojurescript/1.7.228/clojurescript-1.7.228.jar!/cljs/nodejscli.cljs to out/cljs/nodejscli.cljs
... done. Elapsed 0.029427958 seconds
Change detected, recompiling ...
Compiling src/drop_dot/core.cljs
Copying jar:file:/home/george/.m2/repository/org/clojure/clojurescript/1.7.228/clojurescript-1.7.228.jar!/cljs/nodejs.cljs to out/cljs/nodejs.cljs
Copying jar:file:/home/george/.m2/repository/org/clojure/clojurescript/1.7.228/clojurescript-1.7.228.jar!/cljs/nodejscli.cljs to out/cljs/nodejscli.cljs
Copying file:/home/george/Dropbox/drop-dot/src/drop_dot/core.cljs to out/drop_dot/core.cljs
... done. Elapsed 0.148899349 seconds
Change detected, recompiling ...
Copying jar:file:/home/george/.m2/repository/org/clojure/clojurescript/1.7.228/clojurescript-1.7.228.jar!/cljs/nodejs.cljs to out/cljs/nodejs.cljs
Copying jar:file:/home/george/.m2/repository/org/clojure/clojurescript/1.7.228/clojurescript-1.7.228.jar!/cljs/nodejscli.cljs to out/cljs/nodejscli.cljs
... done. Elapsed 0.030158388 seconds
Change detected, recompiling ...
Compiling src/drop_dot/core.cljs
Copying jar:file:/home/george/.m2/repository/org/clojure/clojurescript/1.7.228/clojurescript-1.7.228.jar!/cljs/nodejs.cljs to out/cljs/nodejs.cljs
Copying jar:file:/home/george/.m2/repository/org/clojure/clojurescript/1.7.228/clojurescript-1.7.228.jar!/cljs/nodejscli.cljs to out/cljs/nodejscli.cljs
Copying file:/home/george/Dropbox/drop-dot/src/drop_dot/core.cljs to out/drop_dot/core.cljs
... done. Elapsed 0.172232605 seconds
Change detected, recompiling ...
Copying jar:file:/home/george/.m2/repository/org/clojure/clojurescript/1.7.228/clojurescript-1.7.228.jar!/cljs/nodejs.cljs to out/cljs/nodejs.cljs
Copying jar:file:/home/george/.m2/repository/org/clojure/clojurescript/1.7.228/clojurescript-1.7.228.jar!/cljs/nodejscli.cljs to out/cljs/nodejscli.cljs
... done. Elapsed 0.034638958 seconds
Change detected, recompiling ...
Compiling src/drop_dot/core.cljs
Copying jar:file:/home/george/.m2/repository/org/clojure/clojurescript/1.7.228/clojurescript-1.7.228.jar!/cljs/nodejs.cljs to out/cljs/nodejs.cljs
Copying jar:file:/home/george/.m2/repository/org/clojure/clojurescript/1.7.228/clojurescript-1.7.228.jar!/cljs/nodejscli.cljs to out/cljs/nodejscli.cljs
Copying file:/home/george/Dropbox/drop-dot/src/drop_dot/core.cljs to out/drop_dot/core.cljs
... done. Elapsed 0.110572192 seconds
Change detected, recompiling ...
Copying jar:file:/home/george/.m2/repository/org/clojure/clojurescript/1.7.228/clojurescript-1.7.228.jar!/cljs/nodejs.cljs to out/cljs/nodejs.cljs
Copying jar:file:/home/george/.m2/repository/org/clojure/clojurescript/1.7.228/clojurescript-1.7.228.jar!/cljs/nodejscli.cljs to out/cljs/nodejscli.cljs
... done. Elapsed 0.03266746 seconds
Change detected, recompiling ...
Compiling src/drop_dot/core.cljs
Copying jar:file:/home/george/.m2/repository/org/clojure/clojurescript/1.7.228/clojurescript-1.7.228.jar!/cljs/nodejs.cljs to out/cljs/nodejs.cljs
Copying jar:file:/home/george/.m2/repository/org/clojure/clojurescript/1.7.228/clojurescript-1.7.228.jar!/cljs/nodejscli.cljs to out/cljs/nodejscli.cljs
Copying file:/home/george/Dropbox/drop-dot/src/drop_dot/core.cljs to out/drop_dot/core.cljs
... done. Elapsed 0.108891214 seconds
Change detected, recompiling ...
Copying jar:file:/home/george/.m2/repository/org/clojure/clojurescript/1.7.228/clojurescript-1.7.228.jar!/cljs/nodejs.cljs to out/cljs/nodejs.cljs
Copying jar:file:/home/george/.m2/repository/org/clojure/clojurescript/1.7.228/clojurescript-1.7.228.jar!/cljs/nodejscli.cljs to out/cljs/nodejscli.cljs
... done. Elapsed 0.030272024 seconds
Change detected, recompiling ...
Compiling src/drop_dot/core.cljs
Copying jar:file:/home/george/.m2/repository/org/clojure/clojurescript/1.7.228/clojurescript-1.7.228.jar!/cljs/nodejs.cljs to out/cljs/nodejs.cljs
Copying jar:file:/home/george/.m2/repository/org/clojure/clojurescript/1.7.228/clojurescript-1.7.228.jar!/cljs/nodejscli.cljs to out/cljs/nodejscli.cljs
Copying file:/home/george/Dropbox/drop-dot/src/drop_dot/core.cljs to out/drop_dot/core.cljs
... done. Elapsed 0.131800384 seconds
Change detected, recompiling ...
Copying jar:file:/home/george/.m2/repository/org/clojure/clojurescript/1.7.228/clojurescript-1.7.228.jar!/cljs/nodejs.cljs to out/cljs/nodejs.cljs
Copying jar:file:/home/george/.m2/repository/org/clojure/clojurescript/1.7.228/clojurescript-1.7.228.jar!/cljs/nodejscli.cljs to out/cljs/nodejscli.cljs
... done. Elapsed 0.030329491 seconds
Change detected, recompiling ...
Compiling src/drop_dot/core.cljs
Copying jar:file:/home/george/.m2/repository/org/clojure/clojurescript/1.7.228/clojurescript-1.7.228.jar!/cljs/nodejs.cljs to out/cljs/nodejs.cljs
Copying jar:file:/home/george/.m2/repository/org/clojure/clojurescript/1.7.228/clojurescript-1.7.228.jar!/cljs/nodejscli.cljs to out/cljs/nodejscli.cljs
Copying file:/home/george/Dropbox/drop-dot/src/drop_dot/core.cljs to out/drop_dot/core.cljs
... done. Elapsed 0.078619968 seconds
Change detected, recompiling ...
Copying jar:file:/home/george/.m2/repository/org/clojure/clojurescript/1.7.228/clojurescript-1.7.228.jar!/cljs/nodejs.cljs to out/cljs/nodejs.cljs
Copying jar:file:/home/george/.m2/repository/org/clojure/clojurescript/1.7.228/clojurescript-1.7.228.jar!/cljs/nodejscli.cljs to out/cljs/nodejscli.cljs
... done. Elapsed 0.030472058 seconds
Change detected, recompiling ...
Compiling src/drop_dot/core.cljs
Copying jar:file:/home/george/.m2/repository/org/clojure/clojurescript/1.7.228/clojurescript-1.7.228.jar!/cljs/nodejs.cljs to out/cljs/nodejs.cljs
Copying jar:file:/home/george/.m2/repository/org/clojure/clojurescript/1.7.228/clojurescript-1.7.228.jar!/cljs/nodejscli.cljs to out/cljs/nodejscli.cljs
Copying file:/home/george/Dropbox/drop-dot/src/drop_dot/core.cljs to out/drop_dot/core.cljs
... done. Elapsed 0.079664014 seconds
Change detected, recompiling ...
Copying jar:file:/home/george/.m2/repository/org/clojure/clojurescript/1.7.228/clojurescript-1.7.228.jar!/cljs/nodejs.cljs to out/cljs/nodejs.cljs
Copying jar:file:/home/george/.m2/repository/org/clojure/clojurescript/1.7.228/clojurescript-1.7.228.jar!/cljs/nodejscli.cljs to out/cljs/nodejscli.cljs
... done. Elapsed 0.032294263 seconds
Change detected, recompiling ...
Compiling src/drop_dot/core.cljs
Copying jar:file:/home/george/.m2/repository/org/clojure/clojurescript/1.7.228/clojurescript-1.7.228.jar!/cljs/nodejs.cljs to out/cljs/nodejs.cljs
Copying jar:file:/home/george/.m2/repository/org/clojure/clojurescript/1.7.228/clojurescript-1.7.228.jar!/cljs/nodejscli.cljs to out/cljs/nodejscli.cljs
Copying file:/home/george/Dropbox/drop-dot/src/drop_dot/core.cljs to out/drop_dot/core.cljs
... done. Elapsed 0.110881203 seconds
Change detected, recompiling ...
Copying jar:file:/home/george/.m2/repository/org/clojure/clojurescript/1.7.228/clojurescript-1.7.228.jar!/cljs/nodejs.cljs to out/cljs/nodejs.cljs
Copying jar:file:/home/george/.m2/repository/org/clojure/clojurescript/1.7.228/clojurescript-1.7.228.jar!/cljs/nodejscli.cljs to out/cljs/nodejscli.cljs
... done. Elapsed 0.032258532 seconds
Change detected, recompiling ...
Compiling src/drop_dot/core.cljs
Copying jar:file:/home/george/.m2/repository/org/clojure/clojurescript/1.7.228/clojurescript-1.7.228.jar!/cljs/nodejs.cljs to out/cljs/nodejs.cljs
Copying jar:file:/home/george/.m2/repository/org/clojure/clojurescript/1.7.228/clojurescript-1.7.228.jar!/cljs/nodejscli.cljs to out/cljs/nodejscli.cljs
Copying file:/home/george/Dropbox/drop-dot/src/drop_dot/core.cljs to out/drop_dot/core.cljs
... done. Elapsed 0.105691039 seconds
Change detected, recompiling ...
Copying jar:file:/home/george/.m2/repository/org/clojure/clojurescript/1.7.228/clojurescript-1.7.228.jar!/cljs/nodejs.cljs to out/cljs/nodejs.cljs
Copying jar:file:/home/george/.m2/repository/org/clojure/clojurescript/1.7.228/clojurescript-1.7.228.jar!/cljs/nodejscli.cljs to out/cljs/nodejscli.cljs
... done. Elapsed 0.035285702 seconds
Change detected, recompiling ...
Compiling src/drop_dot/core.cljs
Copying jar:file:/home/george/.m2/repository/org/clojure/clojurescript/1.7.228/clojurescript-1.7.228.jar!/cljs/nodejs.cljs to out/cljs/nodejs.cljs
Copying jar:file:/home/george/.m2/repository/org/clojure/clojurescript/1.7.228/clojurescript-1.7.228.jar!/cljs/nodejscli.cljs to out/cljs/nodejscli.cljs
Copying file:/home/george/Dropbox/drop-dot/src/drop_dot/core.cljs to out/drop_dot/core.cljs
... done. Elapsed 0.118964989 seconds
Change detected, recompiling ...
Copying jar:file:/home/george/.m2/repository/org/clojure/clojurescript/1.7.228/clojurescript-1.7.228.jar!/cljs/nodejs.cljs to out/cljs/nodejs.cljs
Copying jar:file:/home/george/.m2/repository/org/clojure/clojurescript/1.7.228/clojurescript-1.7.228.jar!/cljs/nodejscli.cljs to out/cljs/nodejscli.cljs
... done. Elapsed 0.030396882 seconds
Change detected, recompiling ...
Compiling src/drop_dot/core.cljs
WARNING: Use of undeclared Var drop-dot.core/link-line at line 17 src/drop_dot/core.cljs
WARNING: Use of undeclared Var drop-dot.core/drop-line at line 16 src/drop_dot/core.cljs
Copying jar:file:/home/george/.m2/repository/org/clojure/clojurescript/1.7.228/clojurescript-1.7.228.jar!/cljs/nodejs.cljs to out/cljs/nodejs.cljs
Copying jar:file:/home/george/.m2/repository/org/clojure/clojurescript/1.7.228/clojurescript-1.7.228.jar!/cljs/nodejscli.cljs to out/cljs/nodejscli.cljs
Copying file:/home/george/Dropbox/drop-dot/src/drop_dot/core.cljs to out/drop_dot/core.cljs
... done. Elapsed 0.110427537 seconds
Change detected, recompiling ...
Copying jar:file:/home/george/.m2/repository/org/clojure/clojurescript/1.7.228/clojurescript-1.7.228.jar!/cljs/nodejs.cljs to out/cljs/nodejs.cljs
Copying jar:file:/home/george/.m2/repository/org/clojure/clojurescript/1.7.228/clojurescript-1.7.228.jar!/cljs/nodejscli.cljs to out/cljs/nodejscli.cljs
... done. Elapsed 0.032984905 seconds
Change detected, recompiling ...
Compiling src/drop_dot/core.cljs
WARNING: Use of undeclared Var drop-dot.core/link-line at line 18 src/drop_dot/core.cljs
WARNING: Use of undeclared Var drop-dot.core/drop-line at line 17 src/drop_dot/core.cljs
Copying jar:file:/home/george/.m2/repository/org/clojure/clojurescript/1.7.228/clojurescript-1.7.228.jar!/cljs/nodejs.cljs to out/cljs/nodejs.cljs
Copying jar:file:/home/george/.m2/repository/org/clojure/clojurescript/1.7.228/clojurescript-1.7.228.jar!/cljs/nodejscli.cljs to out/cljs/nodejscli.cljs
Copying file:/home/george/Dropbox/drop-dot/src/drop_dot/core.cljs to out/drop_dot/core.cljs
... done. Elapsed 0.111377739 seconds
Change detected, recompiling ...
Copying jar:file:/home/george/.m2/repository/org/clojure/clojurescript/1.7.228/clojurescript-1.7.228.jar!/cljs/nodejs.cljs to out/cljs/nodejs.cljs
Copying jar:file:/home/george/.m2/repository/org/clojure/clojurescript/1.7.228/clojurescript-1.7.228.jar!/cljs/nodejscli.cljs to out/cljs/nodejscli.cljs
... done. Elapsed 0.029570622 seconds
Change detected, recompiling ...
Compiling src/drop_dot/core.cljs
WARNING: Use of undeclared Var drop-dot.core/drop-a-chan-verified-droppee at line 13 src/drop_dot/core.cljs
WARNING: Use of undeclared Var drop-dot.core/chan-verified-path->chan-verified-droppee at line 12 src/drop_dot/core.cljs
WARNING: Use of undeclared Var drop-dot.core/line->chan-verified-path at line 11 src/drop_dot/core.cljs
clojure.lang.ExceptionInfo: failed compiling file:src/drop_dot/core.cljs {:file #object[java.io.File 0x3e9533fe "src/drop_dot/core.cljs"]}
	at clojure.core$ex_info.invokeStatic(core.clj:4617)
	at clojure.core$ex_info.invoke(core.clj:4617)
	at cljs.compiler$compile_file$fn__4414.invoke(compiler.cljc:1369)
	at cljs.compiler$compile_file.invokeStatic(compiler.cljc:1336)
	at cljs.compiler$compile_file.invoke(compiler.cljc:1316)
	at cljs.closure$compile_file.invokeStatic(closure.clj:437)
	at cljs.closure$compile_file.invoke(closure.clj:428)
	at cljs.closure$eval6182$fn__6183.invoke(closure.clj:504)
	at cljs.closure$eval6118$fn__6119$G__6107__6126.invoke(closure.clj:394)
	at cljs.closure$compile_sources$iter__6302__6306$fn__6307.invoke(closure.clj:827)
	at clojure.lang.LazySeq.sval(LazySeq.java:40)
	at clojure.lang.LazySeq.seq(LazySeq.java:49)
	at clojure.lang.Cons.next(Cons.java:39)
	at clojure.lang.RT.next(RT.java:688)
	at clojure.core$next__4341.invokeStatic(core.clj:64)
	at clojure.core$dorun.invokeStatic(core.clj:3033)
	at clojure.core$doall.invokeStatic(core.clj:3039)
	at clojure.core$doall.invoke(core.clj:3039)
	at cljs.closure$compile_sources.invokeStatic(closure.clj:823)
	at cljs.closure$compile_sources.invoke(closure.clj:812)
	at cljs.closure$build.invokeStatic(closure.clj:1895)
	at cljs.closure$build.invoke(closure.clj:1837)
	at cljs.closure$watch$buildf__6700.invoke(closure.clj:1977)
	at cljs.closure$watch.invokeStatic(closure.clj:2026)
	at cljs.closure$watch.invoke(closure.clj:1954)
	at cljs.repl$repl_STAR_$fn__7227$fn__7232.invoke(repl.cljc:887)
	at clojure.core$binding_conveyor_fn$fn__4676.invoke(core.clj:1938)
	at clojure.lang.AFn.run(AFn.java:22)
	at java.lang.Thread.run(Thread.java:745)
Caused by: clojure.lang.ExceptionInfo: Parameter declaration "..." should be a vector at line 16 src/drop_dot/core.cljs {:file "src/drop_dot/core.cljs", :line 16, :column 1, :tag :cljs/analysis-error}
	at clojure.core$ex_info.invokeStatic(core.clj:4617)
	at clojure.core$ex_info.invoke(core.clj:4617)
	at cljs.analyzer$error.invokeStatic(analyzer.cljc:576)
	at cljs.analyzer$error.invoke(analyzer.cljc:572)
	at cljs.analyzer$macroexpand_1.invokeStatic(analyzer.cljc:2404)
	at cljs.analyzer$macroexpand_1.invoke(analyzer.cljc:2400)
	at cljs.analyzer$analyze_seq.invokeStatic(analyzer.cljc:2434)
	at cljs.analyzer$analyze_seq.invoke(analyzer.cljc:2417)
	at cljs.analyzer$analyze_form.invokeStatic(analyzer.cljc:2549)
	at cljs.analyzer$analyze_form.invoke(analyzer.cljc:2545)
	at cljs.analyzer$analyze_STAR_.invokeStatic(analyzer.cljc:2596)
	at cljs.analyzer$analyze_STAR_.invoke(analyzer.cljc:2587)
	at cljs.analyzer$analyze.invokeStatic(analyzer.cljc:2612)
	at cljs.analyzer$analyze.invoke(analyzer.cljc:2599)
	at cljs.compiler$emit_source.invokeStatic(compiler.cljc:1237)
	at cljs.compiler$emit_source.invoke(compiler.cljc:1217)
	at cljs.compiler$compile_file_STAR_$fn__4391.invoke(compiler.cljc:1288)
	at cljs.compiler$with_core_cljs.invokeStatic(compiler.cljc:1152)
	at cljs.compiler$with_core_cljs.invoke(compiler.cljc:1143)
	at cljs.compiler$compile_file_STAR_.invokeStatic(compiler.cljc:1277)
	at cljs.compiler$compile_file_STAR_.invoke(compiler.cljc:1273)
	at cljs.compiler$compile_file$fn__4414.invoke(compiler.cljc:1357)
	... 26 more
Caused by: java.lang.IllegalArgumentException: Parameter declaration "..." should be a vector
	at cljs.core$assert_valid_fdecl$fn__7999.invoke(core.cljc:552)
	at clojure.core$map$fn__4785.invoke(core.clj:2646)
	at clojure.lang.LazySeq.sval(LazySeq.java:40)
	at clojure.lang.LazySeq.seq(LazySeq.java:49)
	at clojure.lang.RT.seq(RT.java:521)
	at clojure.core$seq__4357.invokeStatic(core.clj:137)
	at clojure.core$filter$fn__4812.invoke(core.clj:2700)
	at clojure.lang.LazySeq.sval(LazySeq.java:40)
	at clojure.lang.LazySeq.seq(LazySeq.java:49)
	at clojure.lang.RT.seq(RT.java:521)
	at clojure.core$seq__4357.invokeStatic(core.clj:137)
	at clojure.core$seq__4357.invoke(core.clj:137)
	at cljs.core$assert_valid_fdecl.invokeStatic(core.cljc:564)
	at cljs.core$assert_valid_fdecl.invoke(core.cljc:535)
	at cljs.core$sigs.invokeStatic(core.cljc:578)
	at cljs.core$sigs.invoke(core.cljc:577)
	at cljs.core$defn__9193.invokeStatic(core.cljc:2842)
	at cljs.core$defn__9193.doInvoke(core.cljc:2814)
	at clojure.lang.RestFn.applyTo(RestFn.java:146)
	at clojure.core$apply.invokeStatic(core.clj:650)
	at clojure.core$apply.invoke(core.clj:641)
	at cljs.analyzer$macroexpand_1_STAR_$fn__3245.invoke(analyzer.cljc:2357)
	at cljs.analyzer$macroexpand_1_STAR_.invokeStatic(analyzer.cljc:2356)
	at cljs.analyzer$macroexpand_1_STAR_.invoke(analyzer.cljc:2347)
	... 44 more

Change detected, recompiling ...
Copying jar:file:/home/george/.m2/repository/org/clojure/clojurescript/1.7.228/clojurescript-1.7.228.jar!/cljs/nodejs.cljs to out/cljs/nodejs.cljs
Copying jar:file:/home/george/.m2/repository/org/clojure/clojurescript/1.7.228/clojurescript-1.7.228.jar!/cljs/nodejscli.cljs to out/cljs/nodejscli.cljs
Copying file:/home/george/Dropbox/drop-dot/src/drop_dot/core.cljs to out/drop_dot/core.cljs
... done. Elapsed 0.030329888 seconds
Change detected, recompiling ...
Compiling src/drop_dot/core.cljs
clojure.lang.ExceptionInfo: failed compiling file:src/drop_dot/core.cljs {:file #object[java.io.File 0x369c39d8 "src/drop_dot/core.cljs"]}
	at clojure.core$ex_info.invokeStatic(core.clj:4617)
	at clojure.core$ex_info.invoke(core.clj:4617)
	at cljs.compiler$compile_file$fn__4414.invoke(compiler.cljc:1369)
	at cljs.compiler$compile_file.invokeStatic(compiler.cljc:1336)
	at cljs.compiler$compile_file.invoke(compiler.cljc:1316)
	at cljs.closure$compile_file.invokeStatic(closure.clj:437)
	at cljs.closure$compile_file.invoke(closure.clj:428)
	at cljs.closure$eval6182$fn__6183.invoke(closure.clj:504)
	at cljs.closure$eval6118$fn__6119$G__6107__6126.invoke(closure.clj:394)
	at cljs.closure$compile_sources$iter__6302__6306$fn__6307.invoke(closure.clj:827)
	at clojure.lang.LazySeq.sval(LazySeq.java:40)
	at clojure.lang.LazySeq.seq(LazySeq.java:49)
	at clojure.lang.Cons.next(Cons.java:39)
	at clojure.lang.RT.next(RT.java:688)
	at clojure.core$next__4341.invokeStatic(core.clj:64)
	at clojure.core$dorun.invokeStatic(core.clj:3033)
	at clojure.core$doall.invokeStatic(core.clj:3039)
	at clojure.core$doall.invoke(core.clj:3039)
	at cljs.closure$compile_sources.invokeStatic(closure.clj:823)
	at cljs.closure$compile_sources.invoke(closure.clj:812)
	at cljs.closure$build.invokeStatic(closure.clj:1895)
	at cljs.closure$build.invoke(closure.clj:1837)
	at cljs.closure$watch$buildf__6700.invoke(closure.clj:1977)
	at cljs.closure$watch.invokeStatic(closure.clj:2026)
	at cljs.closure$watch.invoke(closure.clj:1954)
	at cljs.repl$repl_STAR_$fn__7227$fn__7232.invoke(repl.cljc:887)
	at clojure.core$binding_conveyor_fn$fn__4676.invoke(core.clj:1938)
	at clojure.lang.AFn.run(AFn.java:22)
	at java.lang.Thread.run(Thread.java:745)
Caused by: clojure.lang.ExceptionInfo: Parameter declaration missing at line 8 src/drop_dot/core.cljs {:file "src/drop_dot/core.cljs", :line 8, :column 1, :tag :cljs/analysis-error}
	at clojure.core$ex_info.invokeStatic(core.clj:4617)
	at clojure.core$ex_info.invoke(core.clj:4617)
	at cljs.analyzer$error.invokeStatic(analyzer.cljc:576)
	at cljs.analyzer$error.invoke(analyzer.cljc:572)
	at cljs.analyzer$macroexpand_1.invokeStatic(analyzer.cljc:2404)
	at cljs.analyzer$macroexpand_1.invoke(analyzer.cljc:2400)
	at cljs.analyzer$analyze_seq.invokeStatic(analyzer.cljc:2434)
	at cljs.analyzer$analyze_seq.invoke(analyzer.cljc:2417)
	at cljs.analyzer$analyze_form.invokeStatic(analyzer.cljc:2549)
	at cljs.analyzer$analyze_form.invoke(analyzer.cljc:2545)
	at cljs.analyzer$analyze_STAR_.invokeStatic(analyzer.cljc:2596)
	at cljs.analyzer$analyze_STAR_.invoke(analyzer.cljc:2587)
	at cljs.analyzer$analyze.invokeStatic(analyzer.cljc:2612)
	at cljs.analyzer$analyze.invoke(analyzer.cljc:2599)
	at cljs.compiler$emit_source.invokeStatic(compiler.cljc:1237)
	at cljs.compiler$emit_source.invoke(compiler.cljc:1217)
	at cljs.compiler$compile_file_STAR_$fn__4391.invoke(compiler.cljc:1288)
	at cljs.compiler$with_core_cljs.invokeStatic(compiler.cljc:1152)
	at cljs.compiler$with_core_cljs.invoke(compiler.cljc:1143)
	at cljs.compiler$compile_file_STAR_.invokeStatic(compiler.cljc:1277)
	at cljs.compiler$compile_file_STAR_.invoke(compiler.cljc:1273)
	at cljs.compiler$compile_file$fn__4414.invoke(compiler.cljc:1357)
	... 26 more
Caused by: java.lang.IllegalArgumentException: Parameter declaration missing
	at cljs.core$assert_valid_fdecl.invokeStatic(core.cljc:538)
	at cljs.core$assert_valid_fdecl.invoke(core.cljc:535)
	at cljs.core$sigs.invokeStatic(core.cljc:578)
	at cljs.core$sigs.invoke(core.cljc:577)
	at cljs.core$defn__9193.invokeStatic(core.cljc:2842)
	at cljs.core$defn__9193.doInvoke(core.cljc:2814)
	at clojure.lang.RestFn.invoke(RestFn.java:445)
	at clojure.lang.AFn.applyToHelper(AFn.java:160)
	at clojure.lang.RestFn.applyTo(RestFn.java:132)
	at clojure.core$apply.invokeStatic(core.clj:650)
	at clojure.core$apply.invoke(core.clj:641)
	at cljs.analyzer$macroexpand_1_STAR_$fn__3245.invoke(analyzer.cljc:2357)
	at cljs.analyzer$macroexpand_1_STAR_.invokeStatic(analyzer.cljc:2356)
	at cljs.analyzer$macroexpand_1_STAR_.invoke(analyzer.cljc:2347)
	... 44 more

Change detected, recompiling ...
Copying jar:file:/home/george/.m2/repository/org/clojure/clojurescript/1.7.228/clojurescript-1.7.228.jar!/cljs/nodejs.cljs to out/cljs/nodejs.cljs
Copying jar:file:/home/george/.m2/repository/org/clojure/clojurescript/1.7.228/clojurescript-1.7.228.jar!/cljs/nodejscli.cljs to out/cljs/nodejscli.cljs
Copying file:/home/george/Dropbox/drop-dot/src/drop_dot/core.cljs to out/drop_dot/core.cljs
... done. Elapsed 0.029918593 seconds
Change detected, recompiling ...
Compiling src/drop_dot/core.cljs
clojure.lang.ExceptionInfo: failed compiling file:src/drop_dot/core.cljs {:file #object[java.io.File 0xdb2ddd1 "src/drop_dot/core.cljs"]}
	at clojure.core$ex_info.invokeStatic(core.clj:4617)
	at clojure.core$ex_info.invoke(core.clj:4617)
	at cljs.compiler$compile_file$fn__4414.invoke(compiler.cljc:1369)
	at cljs.compiler$compile_file.invokeStatic(compiler.cljc:1336)
	at cljs.compiler$compile_file.invoke(compiler.cljc:1316)
	at cljs.closure$compile_file.invokeStatic(closure.clj:437)
	at cljs.closure$compile_file.invoke(closure.clj:428)
	at cljs.closure$eval6182$fn__6183.invoke(closure.clj:504)
	at cljs.closure$eval6118$fn__6119$G__6107__6126.invoke(closure.clj:394)
	at cljs.closure$compile_sources$iter__6302__6306$fn__6307.invoke(closure.clj:827)
	at clojure.lang.LazySeq.sval(LazySeq.java:40)
	at clojure.lang.LazySeq.seq(LazySeq.java:49)
	at clojure.lang.Cons.next(Cons.java:39)
	at clojure.lang.RT.next(RT.java:688)
	at clojure.core$next__4341.invokeStatic(core.clj:64)
	at clojure.core$dorun.invokeStatic(core.clj:3033)
	at clojure.core$doall.invokeStatic(core.clj:3039)
	at clojure.core$doall.invoke(core.clj:3039)
	at cljs.closure$compile_sources.invokeStatic(closure.clj:823)
	at cljs.closure$compile_sources.invoke(closure.clj:812)
	at cljs.closure$build.invokeStatic(closure.clj:1895)
	at cljs.closure$build.invoke(closure.clj:1837)
	at cljs.closure$watch$buildf__6700.invoke(closure.clj:1977)
	at cljs.closure$watch.invokeStatic(closure.clj:2026)
	at cljs.closure$watch.invoke(closure.clj:1954)
	at cljs.repl$repl_STAR_$fn__7227$fn__7232.invoke(repl.cljc:887)
	at clojure.core$binding_conveyor_fn$fn__4676.invoke(core.clj:1938)
	at clojure.lang.AFn.run(AFn.java:22)
	at java.lang.Thread.run(Thread.java:745)
Caused by: clojure.lang.ExceptionInfo: Parameter declaration missing at line 9 src/drop_dot/core.cljs {:file "src/drop_dot/core.cljs", :line 9, :column 1, :tag :cljs/analysis-error}
	at clojure.core$ex_info.invokeStatic(core.clj:4617)
	at clojure.core$ex_info.invoke(core.clj:4617)
	at cljs.analyzer$error.invokeStatic(analyzer.cljc:576)
	at cljs.analyzer$error.invoke(analyzer.cljc:572)
	at cljs.analyzer$macroexpand_1.invokeStatic(analyzer.cljc:2404)
	at cljs.analyzer$macroexpand_1.invoke(analyzer.cljc:2400)
	at cljs.analyzer$analyze_seq.invokeStatic(analyzer.cljc:2434)
	at cljs.analyzer$analyze_seq.invoke(analyzer.cljc:2417)
	at cljs.analyzer$analyze_form.invokeStatic(analyzer.cljc:2549)
	at cljs.analyzer$analyze_form.invoke(analyzer.cljc:2545)
	at cljs.analyzer$analyze_STAR_.invokeStatic(analyzer.cljc:2596)
	at cljs.analyzer$analyze_STAR_.invoke(analyzer.cljc:2587)
	at cljs.analyzer$analyze.invokeStatic(analyzer.cljc:2612)
	at cljs.analyzer$analyze.invoke(analyzer.cljc:2599)
	at cljs.compiler$emit_source.invokeStatic(compiler.cljc:1237)
	at cljs.compiler$emit_source.invoke(compiler.cljc:1217)
	at cljs.compiler$compile_file_STAR_$fn__4391.invoke(compiler.cljc:1288)
	at cljs.compiler$with_core_cljs.invokeStatic(compiler.cljc:1152)
	at cljs.compiler$with_core_cljs.invoke(compiler.cljc:1143)
	at cljs.compiler$compile_file_STAR_.invokeStatic(compiler.cljc:1277)
	at cljs.compiler$compile_file_STAR_.invoke(compiler.cljc:1273)
	at cljs.compiler$compile_file$fn__4414.invoke(compiler.cljc:1357)
	... 26 more
Caused by: java.lang.IllegalArgumentException: Parameter declaration missing
	at cljs.core$assert_valid_fdecl.invokeStatic(core.cljc:538)
	at cljs.core$assert_valid_fdecl.invoke(core.cljc:535)
	at cljs.core$sigs.invokeStatic(core.cljc:578)
	at cljs.core$sigs.invoke(core.cljc:577)
	at cljs.core$defn__9193.invokeStatic(core.cljc:2842)
	at cljs.core$defn__9193.doInvoke(core.cljc:2814)
	at clojure.lang.RestFn.invoke(RestFn.java:445)
	at clojure.lang.AFn.applyToHelper(AFn.java:160)
	at clojure.lang.RestFn.applyTo(RestFn.java:132)
	at clojure.core$apply.invokeStatic(core.clj:650)
	at clojure.core$apply.invoke(core.clj:641)
	at cljs.analyzer$macroexpand_1_STAR_$fn__3245.invoke(analyzer.cljc:2357)
	at cljs.analyzer$macroexpand_1_STAR_.invokeStatic(analyzer.cljc:2356)
	at cljs.analyzer$macroexpand_1_STAR_.invoke(analyzer.cljc:2347)
	... 44 more

Change detected, recompiling ...
Copying jar:file:/home/george/.m2/repository/org/clojure/clojurescript/1.7.228/clojurescript-1.7.228.jar!/cljs/nodejs.cljs to out/cljs/nodejs.cljs
Copying jar:file:/home/george/.m2/repository/org/clojure/clojurescript/1.7.228/clojurescript-1.7.228.jar!/cljs/nodejscli.cljs to out/cljs/nodejscli.cljs
Copying file:/home/george/Dropbox/drop-dot/src/drop_dot/core.cljs to out/drop_dot/core.cljs
... done. Elapsed 0.032765381 seconds
Change detected, recompiling ...
Compiling src/drop_dot/core.cljs
clojure.lang.ExceptionInfo: failed compiling file:src/drop_dot/core.cljs {:file #object[java.io.File 0x2c45db4 "src/drop_dot/core.cljs"]}
	at clojure.core$ex_info.invokeStatic(core.clj:4617)
	at clojure.core$ex_info.invoke(core.clj:4617)
	at cljs.compiler$compile_file$fn__4414.invoke(compiler.cljc:1369)
	at cljs.compiler$compile_file.invokeStatic(compiler.cljc:1336)
	at cljs.compiler$compile_file.invoke(compiler.cljc:1316)
	at cljs.closure$compile_file.invokeStatic(closure.clj:437)
	at cljs.closure$compile_file.invoke(closure.clj:428)
	at cljs.closure$eval6182$fn__6183.invoke(closure.clj:504)
	at cljs.closure$eval6118$fn__6119$G__6107__6126.invoke(closure.clj:394)
	at cljs.closure$compile_sources$iter__6302__6306$fn__6307.invoke(closure.clj:827)
	at clojure.lang.LazySeq.sval(LazySeq.java:40)
	at clojure.lang.LazySeq.seq(LazySeq.java:49)
	at clojure.lang.Cons.next(Cons.java:39)
	at clojure.lang.RT.next(RT.java:688)
	at clojure.core$next__4341.invokeStatic(core.clj:64)
	at clojure.core$dorun.invokeStatic(core.clj:3033)
	at clojure.core$doall.invokeStatic(core.clj:3039)
	at clojure.core$doall.invoke(core.clj:3039)
	at cljs.closure$compile_sources.invokeStatic(closure.clj:823)
	at cljs.closure$compile_sources.invoke(closure.clj:812)
	at cljs.closure$build.invokeStatic(closure.clj:1895)
	at cljs.closure$build.invoke(closure.clj:1837)
	at cljs.closure$watch$buildf__6700.invoke(closure.clj:1977)
	at cljs.closure$watch.invokeStatic(closure.clj:2026)
	at cljs.closure$watch.invoke(closure.clj:1954)
	at cljs.repl$repl_STAR_$fn__7227$fn__7232.invoke(repl.cljc:887)
	at clojure.core$binding_conveyor_fn$fn__4676.invoke(core.clj:1938)
	at clojure.lang.AFn.run(AFn.java:22)
	at java.lang.Thread.run(Thread.java:745)
Caused by: clojure.lang.ExceptionInfo: Parameter declaration missing at line 9 src/drop_dot/core.cljs {:file "src/drop_dot/core.cljs", :line 9, :column 1, :tag :cljs/analysis-error}
	at clojure.core$ex_info.invokeStatic(core.clj:4617)
	at clojure.core$ex_info.invoke(core.clj:4617)
	at cljs.analyzer$error.invokeStatic(analyzer.cljc:576)
	at cljs.analyzer$error.invoke(analyzer.cljc:572)
	at cljs.analyzer$macroexpand_1.invokeStatic(analyzer.cljc:2404)
	at cljs.analyzer$macroexpand_1.invoke(analyzer.cljc:2400)
	at cljs.analyzer$analyze_seq.invokeStatic(analyzer.cljc:2434)
	at cljs.analyzer$analyze_seq.invoke(analyzer.cljc:2417)
	at cljs.analyzer$analyze_form.invokeStatic(analyzer.cljc:2549)
	at cljs.analyzer$analyze_form.invoke(analyzer.cljc:2545)
	at cljs.analyzer$analyze_STAR_.invokeStatic(analyzer.cljc:2596)
	at cljs.analyzer$analyze_STAR_.invoke(analyzer.cljc:2587)
	at cljs.analyzer$analyze.invokeStatic(analyzer.cljc:2612)
	at cljs.analyzer$analyze.invoke(analyzer.cljc:2599)
	at cljs.compiler$emit_source.invokeStatic(compiler.cljc:1237)
	at cljs.compiler$emit_source.invoke(compiler.cljc:1217)
	at cljs.compiler$compile_file_STAR_$fn__4391.invoke(compiler.cljc:1288)
	at cljs.compiler$with_core_cljs.invokeStatic(compiler.cljc:1152)
	at cljs.compiler$with_core_cljs.invoke(compiler.cljc:1143)
	at cljs.compiler$compile_file_STAR_.invokeStatic(compiler.cljc:1277)
	at cljs.compiler$compile_file_STAR_.invoke(compiler.cljc:1273)
	at cljs.compiler$compile_file$fn__4414.invoke(compiler.cljc:1357)
	... 26 more
Caused by: java.lang.IllegalArgumentException: Parameter declaration missing
	at cljs.core$assert_valid_fdecl.invokeStatic(core.cljc:538)
	at cljs.core$assert_valid_fdecl.invoke(core.cljc:535)
	at cljs.core$sigs.invokeStatic(core.cljc:578)
	at cljs.core$sigs.invoke(core.cljc:577)
	at cljs.core$defn__9193.invokeStatic(core.cljc:2842)
	at cljs.core$defn__9193.doInvoke(core.cljc:2814)
	at clojure.lang.RestFn.invoke(RestFn.java:445)
	at clojure.lang.AFn.applyToHelper(AFn.java:160)
	at clojure.lang.RestFn.applyTo(RestFn.java:132)
	at clojure.core$apply.invokeStatic(core.clj:650)
	at clojure.core$apply.invoke(core.clj:641)
	at cljs.analyzer$macroexpand_1_STAR_$fn__3245.invoke(analyzer.cljc:2357)
	at cljs.analyzer$macroexpand_1_STAR_.invokeStatic(analyzer.cljc:2356)
	at cljs.analyzer$macroexpand_1_STAR_.invoke(analyzer.cljc:2347)
	... 44 more

Change detected, recompiling ...
Copying jar:file:/home/george/.m2/repository/org/clojure/clojurescript/1.7.228/clojurescript-1.7.228.jar!/cljs/nodejs.cljs to out/cljs/nodejs.cljs
Copying jar:file:/home/george/.m2/repository/org/clojure/clojurescript/1.7.228/clojurescript-1.7.228.jar!/cljs/nodejscli.cljs to out/cljs/nodejscli.cljs
Copying file:/home/george/Dropbox/drop-dot/src/drop_dot/core.cljs to out/drop_dot/core.cljs
... done. Elapsed 0.029861469 seconds
Change detected, recompiling ...
Compiling src/drop_dot/core.cljs
clojure.lang.ExceptionInfo: failed compiling file:src/drop_dot/core.cljs {:file #object[java.io.File 0x170fbc18 "src/drop_dot/core.cljs"]}
	at clojure.core$ex_info.invokeStatic(core.clj:4617)
	at clojure.core$ex_info.invoke(core.clj:4617)
	at cljs.compiler$compile_file$fn__4414.invoke(compiler.cljc:1369)
	at cljs.compiler$compile_file.invokeStatic(compiler.cljc:1336)
	at cljs.compiler$compile_file.invoke(compiler.cljc:1316)
	at cljs.closure$compile_file.invokeStatic(closure.clj:437)
	at cljs.closure$compile_file.invoke(closure.clj:428)
	at cljs.closure$eval6182$fn__6183.invoke(closure.clj:504)
	at cljs.closure$eval6118$fn__6119$G__6107__6126.invoke(closure.clj:394)
	at cljs.closure$compile_sources$iter__6302__6306$fn__6307.invoke(closure.clj:827)
	at clojure.lang.LazySeq.sval(LazySeq.java:40)
	at clojure.lang.LazySeq.seq(LazySeq.java:49)
	at clojure.lang.Cons.next(Cons.java:39)
	at clojure.lang.RT.next(RT.java:688)
	at clojure.core$next__4341.invokeStatic(core.clj:64)
	at clojure.core$dorun.invokeStatic(core.clj:3033)
	at clojure.core$doall.invokeStatic(core.clj:3039)
	at clojure.core$doall.invoke(core.clj:3039)
	at cljs.closure$compile_sources.invokeStatic(closure.clj:823)
	at cljs.closure$compile_sources.invoke(closure.clj:812)
	at cljs.closure$build.invokeStatic(closure.clj:1895)
	at cljs.closure$build.invoke(closure.clj:1837)
	at cljs.closure$watch$buildf__6700.invoke(closure.clj:1977)
	at cljs.closure$watch.invokeStatic(closure.clj:2026)
	at cljs.closure$watch.invoke(closure.clj:1954)
	at cljs.repl$repl_STAR_$fn__7227$fn__7232.invoke(repl.cljc:887)
	at clojure.core$binding_conveyor_fn$fn__4676.invoke(core.clj:1938)
	at clojure.lang.AFn.run(AFn.java:22)
	at java.lang.Thread.run(Thread.java:745)
Caused by: clojure.lang.ExceptionInfo: Parameter declaration missing at line 9 src/drop_dot/core.cljs {:file "src/drop_dot/core.cljs", :line 9, :column 1, :tag :cljs/analysis-error}
	at clojure.core$ex_info.invokeStatic(core.clj:4617)
	at clojure.core$ex_info.invoke(core.clj:4617)
	at cljs.analyzer$error.invokeStatic(analyzer.cljc:576)
	at cljs.analyzer$error.invoke(analyzer.cljc:572)
	at cljs.analyzer$macroexpand_1.invokeStatic(analyzer.cljc:2404)
	at cljs.analyzer$macroexpand_1.invoke(analyzer.cljc:2400)
	at cljs.analyzer$analyze_seq.invokeStatic(analyzer.cljc:2434)
	at cljs.analyzer$analyze_seq.invoke(analyzer.cljc:2417)
	at cljs.analyzer$analyze_form.invokeStatic(analyzer.cljc:2549)
	at cljs.analyzer$analyze_form.invoke(analyzer.cljc:2545)
	at cljs.analyzer$analyze_STAR_.invokeStatic(analyzer.cljc:2596)
	at cljs.analyzer$analyze_STAR_.invoke(analyzer.cljc:2587)
	at cljs.analyzer$analyze.invokeStatic(analyzer.cljc:2612)
	at cljs.analyzer$analyze.invoke(analyzer.cljc:2599)
	at cljs.compiler$emit_source.invokeStatic(compiler.cljc:1237)
	at cljs.compiler$emit_source.invoke(compiler.cljc:1217)
	at cljs.compiler$compile_file_STAR_$fn__4391.invoke(compiler.cljc:1288)
	at cljs.compiler$with_core_cljs.invokeStatic(compiler.cljc:1152)
	at cljs.compiler$with_core_cljs.invoke(compiler.cljc:1143)
	at cljs.compiler$compile_file_STAR_.invokeStatic(compiler.cljc:1277)
	at cljs.compiler$compile_file_STAR_.invoke(compiler.cljc:1273)
	at cljs.compiler$compile_file$fn__4414.invoke(compiler.cljc:1357)
	... 26 more
Caused by: java.lang.IllegalArgumentException: Parameter declaration missing
	at cljs.core$assert_valid_fdecl.invokeStatic(core.cljc:538)
	at cljs.core$assert_valid_fdecl.invoke(core.cljc:535)
	at cljs.core$sigs.invokeStatic(core.cljc:578)
	at cljs.core$sigs.invoke(core.cljc:577)
	at cljs.core$defn__9193.invokeStatic(core.cljc:2842)
	at cljs.core$defn__9193.doInvoke(core.cljc:2814)
	at clojure.lang.RestFn.invoke(RestFn.java:445)
	at clojure.lang.AFn.applyToHelper(AFn.java:160)
	at clojure.lang.RestFn.applyTo(RestFn.java:132)
	at clojure.core$apply.invokeStatic(core.clj:650)
	at clojure.core$apply.invoke(core.clj:641)
	at cljs.analyzer$macroexpand_1_STAR_$fn__3245.invoke(analyzer.cljc:2357)
	at cljs.analyzer$macroexpand_1_STAR_.invokeStatic(analyzer.cljc:2356)
	at cljs.analyzer$macroexpand_1_STAR_.invoke(analyzer.cljc:2347)
	... 44 more

Change detected, recompiling ...
Copying jar:file:/home/george/.m2/repository/org/clojure/clojurescript/1.7.228/clojurescript-1.7.228.jar!/cljs/nodejs.cljs to out/cljs/nodejs.cljs
Copying jar:file:/home/george/.m2/repository/org/clojure/clojurescript/1.7.228/clojurescript-1.7.228.jar!/cljs/nodejscli.cljs to out/cljs/nodejscli.cljs
Copying file:/home/george/Dropbox/drop-dot/src/drop_dot/core.cljs to out/drop_dot/core.cljs
... done. Elapsed 0.04362743 seconds
Change detected, recompiling ...
Compiling src/drop_dot/core.cljs
clojure.lang.ExceptionInfo: failed compiling file:src/drop_dot/core.cljs {:file #object[java.io.File 0x71d530a9 "src/drop_dot/core.cljs"]}
	at clojure.core$ex_info.invokeStatic(core.clj:4617)
	at clojure.core$ex_info.invoke(core.clj:4617)
	at cljs.compiler$compile_file$fn__4414.invoke(compiler.cljc:1369)
	at cljs.compiler$compile_file.invokeStatic(compiler.cljc:1336)
	at cljs.compiler$compile_file.invoke(compiler.cljc:1316)
	at cljs.closure$compile_file.invokeStatic(closure.clj:437)
	at cljs.closure$compile_file.invoke(closure.clj:428)
	at cljs.closure$eval6182$fn__6183.invoke(closure.clj:504)
	at cljs.closure$eval6118$fn__6119$G__6107__6126.invoke(closure.clj:394)
	at cljs.closure$compile_sources$iter__6302__6306$fn__6307.invoke(closure.clj:827)
	at clojure.lang.LazySeq.sval(LazySeq.java:40)
	at clojure.lang.LazySeq.seq(LazySeq.java:49)
	at clojure.lang.Cons.next(Cons.java:39)
	at clojure.lang.RT.next(RT.java:688)
	at clojure.core$next__4341.invokeStatic(core.clj:64)
	at clojure.core$dorun.invokeStatic(core.clj:3033)
	at clojure.core$doall.invokeStatic(core.clj:3039)
	at clojure.core$doall.invoke(core.clj:3039)
	at cljs.closure$compile_sources.invokeStatic(closure.clj:823)
	at cljs.closure$compile_sources.invoke(closure.clj:812)
	at cljs.closure$build.invokeStatic(closure.clj:1895)
	at cljs.closure$build.invoke(closure.clj:1837)
	at cljs.closure$watch$buildf__6700.invoke(closure.clj:1977)
	at cljs.closure$watch.invokeStatic(closure.clj:2026)
	at cljs.closure$watch.invoke(closure.clj:1954)
	at cljs.repl$repl_STAR_$fn__7227$fn__7232.invoke(repl.cljc:887)
	at clojure.core$binding_conveyor_fn$fn__4676.invoke(core.clj:1938)
	at clojure.lang.AFn.run(AFn.java:22)
	at java.lang.Thread.run(Thread.java:745)
Caused by: clojure.lang.ExceptionInfo: Parameter declaration missing at line 9 src/drop_dot/core.cljs {:file "src/drop_dot/core.cljs", :line 9, :column 1, :tag :cljs/analysis-error}
	at clojure.core$ex_info.invokeStatic(core.clj:4617)
	at clojure.core$ex_info.invoke(core.clj:4617)
	at cljs.analyzer$error.invokeStatic(analyzer.cljc:576)
	at cljs.analyzer$error.invoke(analyzer.cljc:572)
	at cljs.analyzer$macroexpand_1.invokeStatic(analyzer.cljc:2404)
	at cljs.analyzer$macroexpand_1.invoke(analyzer.cljc:2400)
	at cljs.analyzer$analyze_seq.invokeStatic(analyzer.cljc:2434)
	at cljs.analyzer$analyze_seq.invoke(analyzer.cljc:2417)
	at cljs.analyzer$analyze_form.invokeStatic(analyzer.cljc:2549)
	at cljs.analyzer$analyze_form.invoke(analyzer.cljc:2545)
	at cljs.analyzer$analyze_STAR_.invokeStatic(analyzer.cljc:2596)
	at cljs.analyzer$analyze_STAR_.invoke(analyzer.cljc:2587)
	at cljs.analyzer$analyze.invokeStatic(analyzer.cljc:2612)
	at cljs.analyzer$analyze.invoke(analyzer.cljc:2599)
	at cljs.compiler$emit_source.invokeStatic(compiler.cljc:1237)
	at cljs.compiler$emit_source.invoke(compiler.cljc:1217)
	at cljs.compiler$compile_file_STAR_$fn__4391.invoke(compiler.cljc:1288)
	at cljs.compiler$with_core_cljs.invokeStatic(compiler.cljc:1152)
	at cljs.compiler$with_core_cljs.invoke(compiler.cljc:1143)
	at cljs.compiler$compile_file_STAR_.invokeStatic(compiler.cljc:1277)
	at cljs.compiler$compile_file_STAR_.invoke(compiler.cljc:1273)
	at cljs.compiler$compile_file$fn__4414.invoke(compiler.cljc:1357)
	... 26 more
Caused by: java.lang.IllegalArgumentException: Parameter declaration missing
	at cljs.core$assert_valid_fdecl.invokeStatic(core.cljc:538)
	at cljs.core$assert_valid_fdecl.invoke(core.cljc:535)
	at cljs.core$sigs.invokeStatic(core.cljc:578)
	at cljs.core$sigs.invoke(core.cljc:577)
	at cljs.core$defn__9193.invokeStatic(core.cljc:2842)
	at cljs.core$defn__9193.doInvoke(core.cljc:2814)
	at clojure.lang.RestFn.invoke(RestFn.java:445)
	at clojure.lang.AFn.applyToHelper(AFn.java:160)
	at clojure.lang.RestFn.applyTo(RestFn.java:132)
	at clojure.core$apply.invokeStatic(core.clj:650)
	at clojure.core$apply.invoke(core.clj:641)
	at cljs.analyzer$macroexpand_1_STAR_$fn__3245.invoke(analyzer.cljc:2357)
	at cljs.analyzer$macroexpand_1_STAR_.invokeStatic(analyzer.cljc:2356)
	at cljs.analyzer$macroexpand_1_STAR_.invoke(analyzer.cljc:2347)
	... 44 more

Change detected, recompiling ...
Copying jar:file:/home/george/.m2/repository/org/clojure/clojurescript/1.7.228/clojurescript-1.7.228.jar!/cljs/nodejs.cljs to out/cljs/nodejs.cljs
Copying jar:file:/home/george/.m2/repository/org/clojure/clojurescript/1.7.228/clojurescript-1.7.228.jar!/cljs/nodejscli.cljs to out/cljs/nodejscli.cljs
Copying file:/home/george/Dropbox/drop-dot/src/drop_dot/core.cljs to out/drop_dot/core.cljs
... done. Elapsed 0.041726625 seconds
Change detected, recompiling ...
Compiling src/drop_dot/core.cljs
clojure.lang.ExceptionInfo: failed compiling file:src/drop_dot/core.cljs {:file #object[java.io.File 0x6899e25f "src/drop_dot/core.cljs"]}
	at clojure.core$ex_info.invokeStatic(core.clj:4617)
	at clojure.core$ex_info.invoke(core.clj:4617)
	at cljs.compiler$compile_file$fn__4414.invoke(compiler.cljc:1369)
	at cljs.compiler$compile_file.invokeStatic(compiler.cljc:1336)
	at cljs.compiler$compile_file.invoke(compiler.cljc:1316)
	at cljs.closure$compile_file.invokeStatic(closure.clj:437)
	at cljs.closure$compile_file.invoke(closure.clj:428)
	at cljs.closure$eval6182$fn__6183.invoke(closure.clj:504)
	at cljs.closure$eval6118$fn__6119$G__6107__6126.invoke(closure.clj:394)
	at cljs.closure$compile_sources$iter__6302__6306$fn__6307.invoke(closure.clj:827)
	at clojure.lang.LazySeq.sval(LazySeq.java:40)
	at clojure.lang.LazySeq.seq(LazySeq.java:49)
	at clojure.lang.Cons.next(Cons.java:39)
	at clojure.lang.RT.next(RT.java:688)
	at clojure.core$next__4341.invokeStatic(core.clj:64)
	at clojure.core$dorun.invokeStatic(core.clj:3033)
	at clojure.core$doall.invokeStatic(core.clj:3039)
	at clojure.core$doall.invoke(core.clj:3039)
	at cljs.closure$compile_sources.invokeStatic(closure.clj:823)
	at cljs.closure$compile_sources.invoke(closure.clj:812)
	at cljs.closure$build.invokeStatic(closure.clj:1895)
	at cljs.closure$build.invoke(closure.clj:1837)
	at cljs.closure$watch$buildf__6700.invoke(closure.clj:1977)
	at cljs.closure$watch.invokeStatic(closure.clj:2026)
	at cljs.closure$watch.invoke(closure.clj:1954)
	at cljs.repl$repl_STAR_$fn__7227$fn__7232.invoke(repl.cljc:887)
	at clojure.core$binding_conveyor_fn$fn__4676.invoke(core.clj:1938)
	at clojure.lang.AFn.run(AFn.java:22)
	at java.lang.Thread.run(Thread.java:745)
Caused by: clojure.lang.ExceptionInfo: Parameter declaration missing at line 9 src/drop_dot/core.cljs {:file "src/drop_dot/core.cljs", :line 9, :column 1, :tag :cljs/analysis-error}
	at clojure.core$ex_info.invokeStatic(core.clj:4617)
	at clojure.core$ex_info.invoke(core.clj:4617)
	at cljs.analyzer$error.invokeStatic(analyzer.cljc:576)
	at cljs.analyzer$error.invoke(analyzer.cljc:572)
	at cljs.analyzer$macroexpand_1.invokeStatic(analyzer.cljc:2404)
	at cljs.analyzer$macroexpand_1.invoke(analyzer.cljc:2400)
	at cljs.analyzer$analyze_seq.invokeStatic(analyzer.cljc:2434)
	at cljs.analyzer$analyze_seq.invoke(analyzer.cljc:2417)
	at cljs.analyzer$analyze_form.invokeStatic(analyzer.cljc:2549)
	at cljs.analyzer$analyze_form.invoke(analyzer.cljc:2545)
	at cljs.analyzer$analyze_STAR_.invokeStatic(analyzer.cljc:2596)
	at cljs.analyzer$analyze_STAR_.invoke(analyzer.cljc:2587)
	at cljs.analyzer$analyze.invokeStatic(analyzer.cljc:2612)
	at cljs.analyzer$analyze.invoke(analyzer.cljc:2599)
	at cljs.compiler$emit_source.invokeStatic(compiler.cljc:1237)
	at cljs.compiler$emit_source.invoke(compiler.cljc:1217)
	at cljs.compiler$compile_file_STAR_$fn__4391.invoke(compiler.cljc:1288)
	at cljs.compiler$with_core_cljs.invokeStatic(compiler.cljc:1152)
	at cljs.compiler$with_core_cljs.invoke(compiler.cljc:1143)
	at cljs.compiler$compile_file_STAR_.invokeStatic(compiler.cljc:1277)
	at cljs.compiler$compile_file_STAR_.invoke(compiler.cljc:1273)
	at cljs.compiler$compile_file$fn__4414.invoke(compiler.cljc:1357)
	... 26 more
Caused by: java.lang.IllegalArgumentException: Parameter declaration missing
	at cljs.core$assert_valid_fdecl.invokeStatic(core.cljc:538)
	at cljs.core$assert_valid_fdecl.invoke(core.cljc:535)
	at cljs.core$sigs.invokeStatic(core.cljc:578)
	at cljs.core$sigs.invoke(core.cljc:577)
	at cljs.core$defn__9193.invokeStatic(core.cljc:2842)
	at cljs.core$defn__9193.doInvoke(core.cljc:2814)
	at clojure.lang.RestFn.invoke(RestFn.java:445)
	at clojure.lang.AFn.applyToHelper(AFn.java:160)
	at clojure.lang.RestFn.applyTo(RestFn.java:132)
	at clojure.core$apply.invokeStatic(core.clj:650)
	at clojure.core$apply.invoke(core.clj:641)
	at cljs.analyzer$macroexpand_1_STAR_$fn__3245.invoke(analyzer.cljc:2357)
	at cljs.analyzer$macroexpand_1_STAR_.invokeStatic(analyzer.cljc:2356)
	at cljs.analyzer$macroexpand_1_STAR_.invoke(analyzer.cljc:2347)
	... 44 more

Change detected, recompiling ...
Copying jar:file:/home/george/.m2/repository/org/clojure/clojurescript/1.7.228/clojurescript-1.7.228.jar!/cljs/nodejs.cljs to out/cljs/nodejs.cljs
Copying jar:file:/home/george/.m2/repository/org/clojure/clojurescript/1.7.228/clojurescript-1.7.228.jar!/cljs/nodejscli.cljs to out/cljs/nodejscli.cljs
Copying file:/home/george/Dropbox/drop-dot/src/drop_dot/core.cljs to out/drop_dot/core.cljs
... done. Elapsed 0.034044502 seconds
Change detected, recompiling ...
Compiling src/drop_dot/core.cljs
clojure.lang.ExceptionInfo: failed compiling file:src/drop_dot/core.cljs {:file #object[java.io.File 0x7fb803ae "src/drop_dot/core.cljs"]}
	at clojure.core$ex_info.invokeStatic(core.clj:4617)
	at clojure.core$ex_info.invoke(core.clj:4617)
	at cljs.compiler$compile_file$fn__4414.invoke(compiler.cljc:1369)
	at cljs.compiler$compile_file.invokeStatic(compiler.cljc:1336)
	at cljs.compiler$compile_file.invoke(compiler.cljc:1316)
	at cljs.closure$compile_file.invokeStatic(closure.clj:437)
	at cljs.closure$compile_file.invoke(closure.clj:428)
	at cljs.closure$eval6182$fn__6183.invoke(closure.clj:504)
	at cljs.closure$eval6118$fn__6119$G__6107__6126.invoke(closure.clj:394)
	at cljs.closure$compile_sources$iter__6302__6306$fn__6307.invoke(closure.clj:827)
	at clojure.lang.LazySeq.sval(LazySeq.java:40)
	at clojure.lang.LazySeq.seq(LazySeq.java:49)
	at clojure.lang.Cons.next(Cons.java:39)
	at clojure.lang.RT.next(RT.java:688)
	at clojure.core$next__4341.invokeStatic(core.clj:64)
	at clojure.core$dorun.invokeStatic(core.clj:3033)
	at clojure.core$doall.invokeStatic(core.clj:3039)
	at clojure.core$doall.invoke(core.clj:3039)
	at cljs.closure$compile_sources.invokeStatic(closure.clj:823)
	at cljs.closure$compile_sources.invoke(closure.clj:812)
	at cljs.closure$build.invokeStatic(closure.clj:1895)
	at cljs.closure$build.invoke(closure.clj:1837)
	at cljs.closure$watch$buildf__6700.invoke(closure.clj:1977)
	at cljs.closure$watch.invokeStatic(closure.clj:2026)
	at cljs.closure$watch.invoke(closure.clj:1954)
	at cljs.repl$repl_STAR_$fn__7227$fn__7232.invoke(repl.cljc:887)
	at clojure.core$binding_conveyor_fn$fn__4676.invoke(core.clj:1938)
	at clojure.lang.AFn.run(AFn.java:22)
	at java.lang.Thread.run(Thread.java:745)
Caused by: clojure.lang.ExceptionInfo: Parameter declaration missing at line 9 src/drop_dot/core.cljs {:file "src/drop_dot/core.cljs", :line 9, :column 1, :tag :cljs/analysis-error}
	at clojure.core$ex_info.invokeStatic(core.clj:4617)
	at clojure.core$ex_info.invoke(core.clj:4617)
	at cljs.analyzer$error.invokeStatic(analyzer.cljc:576)
	at cljs.analyzer$error.invoke(analyzer.cljc:572)
	at cljs.analyzer$macroexpand_1.invokeStatic(analyzer.cljc:2404)
	at cljs.analyzer$macroexpand_1.invoke(analyzer.cljc:2400)
	at cljs.analyzer$analyze_seq.invokeStatic(analyzer.cljc:2434)
	at cljs.analyzer$analyze_seq.invoke(analyzer.cljc:2417)
	at cljs.analyzer$analyze_form.invokeStatic(analyzer.cljc:2549)
	at cljs.analyzer$analyze_form.invoke(analyzer.cljc:2545)
	at cljs.analyzer$analyze_STAR_.invokeStatic(analyzer.cljc:2596)
	at cljs.analyzer$analyze_STAR_.invoke(analyzer.cljc:2587)
	at cljs.analyzer$analyze.invokeStatic(analyzer.cljc:2612)
	at cljs.analyzer$analyze.invoke(analyzer.cljc:2599)
	at cljs.compiler$emit_source.invokeStatic(compiler.cljc:1237)
	at cljs.compiler$emit_source.invoke(compiler.cljc:1217)
	at cljs.compiler$compile_file_STAR_$fn__4391.invoke(compiler.cljc:1288)
	at cljs.compiler$with_core_cljs.invokeStatic(compiler.cljc:1152)
	at cljs.compiler$with_core_cljs.invoke(compiler.cljc:1143)
	at cljs.compiler$compile_file_STAR_.invokeStatic(compiler.cljc:1277)
	at cljs.compiler$compile_file_STAR_.invoke(compiler.cljc:1273)
	at cljs.compiler$compile_file$fn__4414.invoke(compiler.cljc:1357)
	... 26 more
Caused by: java.lang.IllegalArgumentException: Parameter declaration missing
	at cljs.core$assert_valid_fdecl.invokeStatic(core.cljc:538)
	at cljs.core$assert_valid_fdecl.invoke(core.cljc:535)
	at cljs.core$sigs.invokeStatic(core.cljc:578)
	at cljs.core$sigs.invoke(core.cljc:577)
	at cljs.core$defn__9193.invokeStatic(core.cljc:2842)
	at cljs.core$defn__9193.doInvoke(core.cljc:2814)
	at clojure.lang.RestFn.invoke(RestFn.java:445)
	at clojure.lang.AFn.applyToHelper(AFn.java:160)
	at clojure.lang.RestFn.applyTo(RestFn.java:132)
	at clojure.core$apply.invokeStatic(core.clj:650)
	at clojure.core$apply.invoke(core.clj:641)
	at cljs.analyzer$macroexpand_1_STAR_$fn__3245.invoke(analyzer.cljc:2357)
	at cljs.analyzer$macroexpand_1_STAR_.invokeStatic(analyzer.cljc:2356)
	at cljs.analyzer$macroexpand_1_STAR_.invoke(analyzer.cljc:2347)
	... 44 more

Change detected, recompiling ...
Copying jar:file:/home/george/.m2/repository/org/clojure/clojurescript/1.7.228/clojurescript-1.7.228.jar!/cljs/nodejs.cljs to out/cljs/nodejs.cljs
Copying jar:file:/home/george/.m2/repository/org/clojure/clojurescript/1.7.228/clojurescript-1.7.228.jar!/cljs/nodejscli.cljs to out/cljs/nodejscli.cljs
Copying file:/home/george/Dropbox/drop-dot/src/drop_dot/core.cljs to out/drop_dot/core.cljs
... done. Elapsed 0.029541369 seconds
Change detected, recompiling ...
Compiling src/drop_dot/core.cljs
clojure.lang.ExceptionInfo: failed compiling file:src/drop_dot/core.cljs {:file #object[java.io.File 0x700e20df "src/drop_dot/core.cljs"]}
	at clojure.core$ex_info.invokeStatic(core.clj:4617)
	at clojure.core$ex_info.invoke(core.clj:4617)
	at cljs.compiler$compile_file$fn__4414.invoke(compiler.cljc:1369)
	at cljs.compiler$compile_file.invokeStatic(compiler.cljc:1336)
	at cljs.compiler$compile_file.invoke(compiler.cljc:1316)
	at cljs.closure$compile_file.invokeStatic(closure.clj:437)
	at cljs.closure$compile_file.invoke(closure.clj:428)
	at cljs.closure$eval6182$fn__6183.invoke(closure.clj:504)
	at cljs.closure$eval6118$fn__6119$G__6107__6126.invoke(closure.clj:394)
	at cljs.closure$compile_sources$iter__6302__6306$fn__6307.invoke(closure.clj:827)
	at clojure.lang.LazySeq.sval(LazySeq.java:40)
	at clojure.lang.LazySeq.seq(LazySeq.java:49)
	at clojure.lang.Cons.next(Cons.java:39)
	at clojure.lang.RT.next(RT.java:688)
	at clojure.core$next__4341.invokeStatic(core.clj:64)
	at clojure.core$dorun.invokeStatic(core.clj:3033)
	at clojure.core$doall.invokeStatic(core.clj:3039)
	at clojure.core$doall.invoke(core.clj:3039)
	at cljs.closure$compile_sources.invokeStatic(closure.clj:823)
	at cljs.closure$compile_sources.invoke(closure.clj:812)
	at cljs.closure$build.invokeStatic(closure.clj:1895)
	at cljs.closure$build.invoke(closure.clj:1837)
	at cljs.closure$watch$buildf__6700.invoke(closure.clj:1977)
	at cljs.closure$watch.invokeStatic(closure.clj:2026)
	at cljs.closure$watch.invoke(closure.clj:1954)
	at cljs.repl$repl_STAR_$fn__7227$fn__7232.invoke(repl.cljc:887)
	at clojure.core$binding_conveyor_fn$fn__4676.invoke(core.clj:1938)
	at clojure.lang.AFn.run(AFn.java:22)
	at java.lang.Thread.run(Thread.java:745)
Caused by: clojure.lang.ExceptionInfo: Parameter declaration missing at line 9 src/drop_dot/core.cljs {:file "src/drop_dot/core.cljs", :line 9, :column 1, :tag :cljs/analysis-error}
	at clojure.core$ex_info.invokeStatic(core.clj:4617)
	at clojure.core$ex_info.invoke(core.clj:4617)
	at cljs.analyzer$error.invokeStatic(analyzer.cljc:576)
	at cljs.analyzer$error.invoke(analyzer.cljc:572)
	at cljs.analyzer$macroexpand_1.invokeStatic(analyzer.cljc:2404)
	at cljs.analyzer$macroexpand_1.invoke(analyzer.cljc:2400)
	at cljs.analyzer$analyze_seq.invokeStatic(analyzer.cljc:2434)
	at cljs.analyzer$analyze_seq.invoke(analyzer.cljc:2417)
	at cljs.analyzer$analyze_form.invokeStatic(analyzer.cljc:2549)
	at cljs.analyzer$analyze_form.invoke(analyzer.cljc:2545)
	at cljs.analyzer$analyze_STAR_.invokeStatic(analyzer.cljc:2596)
	at cljs.analyzer$analyze_STAR_.invoke(analyzer.cljc:2587)
	at cljs.analyzer$analyze.invokeStatic(analyzer.cljc:2612)
	at cljs.analyzer$analyze.invoke(analyzer.cljc:2599)
	at cljs.compiler$emit_source.invokeStatic(compiler.cljc:1237)
	at cljs.compiler$emit_source.invoke(compiler.cljc:1217)
	at cljs.compiler$compile_file_STAR_$fn__4391.invoke(compiler.cljc:1288)
	at cljs.compiler$with_core_cljs.invokeStatic(compiler.cljc:1152)
	at cljs.compiler$with_core_cljs.invoke(compiler.cljc:1143)
	at cljs.compiler$compile_file_STAR_.invokeStatic(compiler.cljc:1277)
	at cljs.compiler$compile_file_STAR_.invoke(compiler.cljc:1273)
	at cljs.compiler$compile_file$fn__4414.invoke(compiler.cljc:1357)
	... 26 more
Caused by: java.lang.IllegalArgumentException: Parameter declaration missing
	at cljs.core$assert_valid_fdecl.invokeStatic(core.cljc:538)
	at cljs.core$assert_valid_fdecl.invoke(core.cljc:535)
	at cljs.core$sigs.invokeStatic(core.cljc:578)
	at cljs.core$sigs.invoke(core.cljc:577)
	at cljs.core$defn__9193.invokeStatic(core.cljc:2842)
	at cljs.core$defn__9193.doInvoke(core.cljc:2814)
	at clojure.lang.RestFn.invoke(RestFn.java:445)
	at clojure.lang.AFn.applyToHelper(AFn.java:160)
	at clojure.lang.RestFn.applyTo(RestFn.java:132)
	at clojure.core$apply.invokeStatic(core.clj:650)
	at clojure.core$apply.invoke(core.clj:641)
	at cljs.analyzer$macroexpand_1_STAR_$fn__3245.invoke(analyzer.cljc:2357)
	at cljs.analyzer$macroexpand_1_STAR_.invokeStatic(analyzer.cljc:2356)
	at cljs.analyzer$macroexpand_1_STAR_.invoke(analyzer.cljc:2347)
	... 44 more

Change detected, recompiling ...
Copying jar:file:/home/george/.m2/repository/org/clojure/clojurescript/1.7.228/clojurescript-1.7.228.jar!/cljs/nodejs.cljs to out/cljs/nodejs.cljs
Copying jar:file:/home/george/.m2/repository/org/clojure/clojurescript/1.7.228/clojurescript-1.7.228.jar!/cljs/nodejscli.cljs to out/cljs/nodejscli.cljs
Copying file:/home/george/Dropbox/drop-dot/src/drop_dot/core.cljs to out/drop_dot/core.cljs
... done. Elapsed 0.03532663 seconds
